<?xml version="1.0" encoding="UTF-8"?>
<!-- Generated by org.testng.reporters.JUnitReportReporter -->
<testsuite skipped="0" hostname="5K9KKT2" name="Registeration_Page" tests="1" failures="0" timestamp="2021-09-07T21:15:38 IST" time="15.930" errors="0">
  <testcase name="getURL" time="15.930" classname="Registeration_Page"/>
  <system-out/>
</testsuite> <!-- Registeration_Page -->
