<?xml version="1.0" encoding="UTF-8"?>
<!-- Generated by org.testng.reporters.JUnitReportReporter -->
<testsuite skipped="0" hostname="5K9KKT2" name="testurl" tests="1" failures="0" timestamp="2021-09-07T13:17:31 IST" time="0.007" errors="0">
  <testcase name="file_Reader" time="0.007" classname="testurl"/>
  <system-out/>
</testsuite> <!-- testurl -->
